<?xml version="1.0" encoding="UTF-8"?>
<testsuite xmlns:xsi="http://www.w3.org/2001/XMLSchema-instance" xsi:noNamespaceSchemaLocation="https://maven.apache.org/surefire/maven-surefire-plugin/xsd/surefire-test-report-3.0.xsd" version="3.0" name="com.vertexid.commons.crypto.RSACryptographicUtilTest" time="1.831" tests="1" errors="0" skipped="0" failures="0">
  <properties>
[...]
</properties>
  <testcase name="testCreateSign" classname="com.vertexid.commons.crypto.RSACryptographicUtilTest" time="1.786">
    <system-out><![CDATA[[2023-07-03 09:06:42,572][DEBUG][com.vertexid.spring.utils.BaseProperties.loadProperties(BaseProperties.java:96)] - IS PROPERTIES NAME = classpath:properties.dcshin_PC.xml
[2023-07-03 09:06:42,588][DEBUG][com.vertexid.spring.utils.BaseProperties.loadProperties(BaseProperties.java:100)] - IS DEFAULT Properteis Loaded!!
CREATE Private Key......com.vertexid.viself.security.RSAKeyVO@70325e14[
  privateKey=sun.security.rsa.RSAPrivateCrtKeyImpl@fffe118f
  publicKey=Sun RSA public key, 1024 bits
  modulus: 151982816850316401796725989054564542050967948619593562988882671754197804259857999930056523444020787077939150215121307679019031666864346541964249687150737060713540729583191322803769372915195942277627294317678919034312007318670406441345327660102744634730095917282840022993947292462566442341666447538937581418821
  public exponent: 65537
  publicKeyExponent=10001
  publicKeyModulus=d86e435c436cdb4f18df844282cec2d3a6a49a6bc6c445b2ca0fa8aa45a173a8e16e0642e6d0e2de6e1b7ea2af57087651dfa0a319d6e797eafa64804ee7461d8c5c5d462349dcc3e03f80edfaa8e6b91b10324570482ad6d31f39564888e23a96d496d61d62e854a825e78c5df4ed077e793307cbc176d77a9ad60654fa3945
  log=org.apache.logging.slf4j.Log4jLogger@4988d8b8
  toStringStyleStr=MULTI_LINE_STYLE
]
CREATE Private Key......MIICdwIBADANBgkqhkiG9w0BAQEFAASCAmEwggJdAgEAAoGBANhuQ1xDbNtPGN+EQoLOwtOmpJprxsRFssoPqKpFoXOo4W4GQubQ4t5uG36ir1cIdlHfoKMZ1ueX6vpkgE7nRh2MXF1GI0ncw+A/gO36qOa5GxAyRXBIKtbTHzlWSIjiOpbUltYdYuhUqCXnjF307Qd+eTMHy8F213qa1gZU+jlFAgMBAAECgYEAwnWvyEI8mH/lFU88g1NK8egUlTqpCMim765KGVMe0VC326d8jO66KKg9w/ZgHI7Z4I5RQrqAwO1aj0elkT9zWoouo5U7dcVwpis7UvadFzGZQ4WtYlMpOzvPs1K/H7NUlEV+Tl7oda+AKLMUy3wJGG+PzanbmAIuus3XUOgT5oECQQDu0qpJnj7snqOWLEKmrwCyXuz5TZvPPMq3zpUe+UdOYtlXPQqHj8VTi2axP5YIARPmuTSkCwjUiZebEAFU8lrtAkEA5/9NB1csAppuQjNo6B9U5N/VqszFouB0h6SJAdvufoVvOZ9WxUCxIk1REP3aeiT0TYuXiYk9Fjt3XoF0qiwUuQJBAIEWnbTtNFXx6bpiciRms5m2daDLskxyL6DqqO/1DfXwuEnPVMGxlJdz4i4skIwDCR7NPQbub/dx5+CI5i9kUIECQEzu/7dQdBrE5Y10iPR492kSxUNntp6Fun8E1B5WtaclTrYYHek5w8PxSdHNrPbWbGGOygjlBunpfHNNkMeh6JkCQG1sUyvfFIbNR3xwJczksSUad/tCcXu+EJsaEmyQeFNJyCPwQP5om3eg3bG8OAnegA4Q5sht7/2jz2k9X0U9Hr8=
CREATE publicKey Key......MIGfMA0GCSqGSIb3DQEBAQUAA4GNADCBiQKBgQDYbkNcQ2zbTxjfhEKCzsLTpqSaa8bERbLKD6iqRaFzqOFuBkLm0OLebht+oq9XCHZR36CjGdbnl+r6ZIBO50YdjFxdRiNJ3MPgP4Dt+qjmuRsQMkVwSCrW0x85VkiI4jqW1JbWHWLoVKgl54xd9O0HfnkzB8vBdtd6mtYGVPo5RQIDAQAB
sign....1
encSign....$2a$10$m0K2qoywOcvb061.bUELFe43lKg5P4SS1r9goC4AiuoNysj3sNrDq
]]></system-out>
  </testcase>
</testsuite>